<?xml version="1.0" encoding="UTF-8"?>
<testng-results ignored="0" total="1" passed="1" failed="0" skipped="0">
  <reporter-output>
  </reporter-output>
  <suite started-at="2023-04-07T18:07:24 IST" name="Default suite" finished-at="2023-04-07T18:07:24 IST" duration-ms="94">
    <groups>
    </groups>
    <test started-at="2023-04-07T18:07:24 IST" name="Default test" finished-at="2023-04-07T18:07:24 IST" duration-ms="94">
      <class name="testMsd.ProcessBuildMethod">
        <test-method signature="Launch()[pri:0, instance:testMsd.ProcessBuildMethod@294425a7]" started-at="2023-04-07T18:07:24 IST" name="Launch" finished-at="2023-04-07T18:07:24 IST" duration-ms="18" status="PASS">
          <reporter-output>
          </reporter-output>
        </test-method> <!-- Launch -->
      </class> <!-- testMsd.ProcessBuildMethod -->
    </test> <!-- Default test -->
  </suite> <!-- Default suite -->
</testng-results>
